<?xml version="1.0" encoding="UTF-8"?>
<!-- Generated by org.testng.reporters.JUnitReportReporter -->
<testsuite hostname="DESKTOP-377NK29" failures="0" tests="4" name="authentication.RegistrationTest" time="41.180" errors="0" timestamp="2019-11-11T17:24:17 EAT" skipped="0">
  <testcase classname="authentication.RegistrationTest" name="attemptToLoginWithoutEmail" time="12.480"/>
  <testcase classname="authentication.RegistrationTest" name="attemptToLoginWithAlreadyRegisteredEmail" time="8.761"/>
  <testcase classname="authentication.RegistrationTest" name="attemptingToRegisterWithCorrectEmailAddress" time="6.039"/>
  <testcase classname="authentication.RegistrationTest" name="createAccountSuccessfullyWithAllRequiredValidData" time="13.900"/>
</testsuite> <!-- authentication.RegistrationTest -->
