<?xml version="1.0" encoding="UTF-8"?>
<!-- Generated by org.testng.reporters.JUnitReportReporter -->
<testsuite hostname="DESKTOP-PJLCLMT" failures="0" tests="1" name="authentication.LoginTest" time="15.226" errors="0" timestamp="10 Nov 2019 18:06:25 GMT" skipped="0">
  <testcase classname="authentication.LoginTest" name="loginWithValidCredentials" time="15.226"/>
</testsuite> <!-- authentication.LoginTest -->
