<?xml version="1.0" encoding="UTF-8"?>
<<<<<<< HEAD
<!-- Generated by org.testng.reporters.JUnitReportReporter -->
<testsuite hostname="DESKTOP-8EROT7V" failures="0" tests="9" name="shopworkflow.ShopWorkFlowTest" time="31.761" errors="0" timestamp="2019-11-21T21:38:30 EAT" skipped="0">
  <testcase classname="shopworkflow.ShopWorkFlowTest" name="gotoAllWomenClothes" time="3.458"/>
  <testcase classname="shopworkflow.ShopWorkFlowTest" name="selectCloth1" time="4.121"/>
  <testcase classname="shopworkflow.ShopWorkFlowTest" name="selectCLoth3" time="4.892"/>
  <testcase classname="shopworkflow.ShopWorkFlowTest" name="shoppingCartSummary" time="3.968"/>
  <testcase classname="shopworkflow.ShopWorkFlowTest" name="Login" time="1.907"/>
  <testcase classname="shopworkflow.ShopWorkFlowTest" name="addressDetails" time="1.669"/>
  <testcase classname="shopworkflow.ShopWorkFlowTest" name="shipping" time="8.208"/>
  <testcase classname="shopworkflow.ShopWorkFlowTest" name="paymentMethods" time="3.530"/>
  <testcase classname="shopworkflow.ShopWorkFlowTest" name="orderSummary" time="0.008"/>
=======
<!-- Generated by org.testng.reporters.JUnitReportReporter -->
<testsuite hostname="DESKTOP-8EROT7V" failures="0" tests="11" name="shopworkflow.ShopWorkFlowTest" time="38.642" errors="0" timestamp="2019-11-25T16:45:43 EAT" skipped="0">
  <testcase classname="shopworkflow.ShopWorkFlowTest" name="displayAllWomenClothes" time="2.601"/>
  <testcase classname="shopworkflow.ShopWorkFlowTest" name="selectCloth1" time="2.828"/>
  <testcase classname="shopworkflow.ShopWorkFlowTest" name="addToCart" time="0.293"/>
  <testcase classname="shopworkflow.ShopWorkFlowTest" name="continueShopping" time="0.584"/>
  <testcase classname="shopworkflow.ShopWorkFlowTest" name="viewDressList" time="6.036"/>
  <testcase classname="shopworkflow.ShopWorkFlowTest" name="shoppingCartSummary" time="5.753"/>
  <testcase classname="shopworkflow.ShopWorkFlowTest" name="Login" time="3.063"/>
  <testcase classname="shopworkflow.ShopWorkFlowTest" name="addressDetails" time="2.798"/>
  <testcase classname="shopworkflow.ShopWorkFlowTest" name="shipping" time="8.809"/>
  <testcase classname="shopworkflow.ShopWorkFlowTest" name="paymentMethods" time="5.866"/>
  <testcase classname="shopworkflow.ShopWorkFlowTest" name="orderSummary" time="0.011"/>
>>>>>>> shoppingWorkFlowImprovements
</testsuite> <!-- shopworkflow.ShopWorkFlowTest -->
