<?xml version="1.0" encoding="UTF-8"?>
<!-- Generated by org.testng.reporters.JUnitReportReporter -->
<testsuite hostname="DESKTOP-377NK29" failures="0" tests="3" name="shopworkflow.ShopWorkFlowTest" time="23.828" errors="0" timestamp="2019-11-18T19:03:24 EAT" skipped="0">
  <testcase classname="shopworkflow.ShopWorkFlowTest" name="gotoAllWomenClothes" time="4.844"/>
  <testcase classname="shopworkflow.ShopWorkFlowTest" name="addPrintedSummerDressWith5PercentDiscount" time="8.470"/>
  <testcase classname="shopworkflow.ShopWorkFlowTest" name="addPrintedSummerDressWithoutDiscount" time="10.514"/>
</testsuite> <!-- shopworkflow.ShopWorkFlowTest -->
