<?xml version="1.0" encoding="UTF-8"?>
<!-- Generated by org.testng.reporters.JUnitReportReporter -->
<testsuite hostname="DESKTOP-PJLCLMT" failures="0" tests="1" name="shopworkflow.AddingMultipleClothesToCartTest" time="33.372" errors="0" timestamp="16 Nov 2019 19:54:22 GMT" skipped="0">
  <testcase classname="shopworkflow.AddingMultipleClothesToCartTest" name="addThreeWomenClothes" time="33.372"/>
</testsuite> <!-- shopworkflow.AddingMultipleClothesToCartTest -->
