<?xml version="1.0" encoding="UTF-8"?>
<!-- Generated by org.testng.reporters.JUnitReportReporter -->
<testsuite hostname="DESKTOP-8EROT7V" failures="0" tests="4" name="shopworkflow.SelectClothes" time="15.114" errors="0" timestamp="2019-11-21T20:48:01 EAT" skipped="0">
  <testcase classname="shopworkflow.SelectClothes" name="shopForFadedShortSleeveT_shirts" time="2.136"/>
  <testcase classname="shopworkflow.SelectClothes" name="shopForFadedShortSleeveT_shirts" time="3.519"/>
  <testcase classname="shopworkflow.SelectClothes" name="shopForFadedShortSleeveT_shirts" time="2.126"/>
  <testcase classname="shopworkflow.SelectClothes" name="shopForFadedShortSleeveT_shirts" time="7.333"/>
</testsuite> <!-- shopworkflow.SelectClothes -->
