<?xml version="1.0" encoding="UTF-8"?>
<!-- Generated by org.testng.reporters.JUnitReportReporter -->
<testsuite hostname="DESKTOP-377NK29" failures="0" tests="5" name="authentication.LoginTest" time="19.521" errors="0" timestamp="2019-11-18T19:27:06 EAT" skipped="0">
  <testcase classname="authentication.LoginTest" name="loginWithAllBlankFields" time="2.076"/>
  <testcase classname="authentication.LoginTest" name="loginWithBlankPassword" time="6.403"/>
  <testcase classname="authentication.LoginTest" name="loginWithWrongPasswordAndEmail" time="2.127"/>
  <testcase classname="authentication.LoginTest" name="loginWithInvalidEmailAddress" time="2.333"/>
  <testcase classname="authentication.LoginTest" name="loginWithValidCredentials" time="6.582"/>
</testsuite> <!-- authentication.LoginTest -->
