<?xml version="1.0" encoding="UTF-8"?>
<!-- Generated by org.testng.reporters.JUnitReportReporter -->
<testsuite hostname="DESKTOP-8EROT7V" failures="0" tests="11" name="shopworkflow.ShopWorkFlowTest" time="35.361" errors="0" timestamp="2019-11-22T12:08:31 EAT" skipped="0">
  <testcase classname="shopworkflow.ShopWorkFlowTest" name="displayAllWomenClothes" time="2.589"/>
  <testcase classname="shopworkflow.ShopWorkFlowTest" name="selectCloth1" time="2.317"/>
  <testcase classname="shopworkflow.ShopWorkFlowTest" name="addToCart" time="0.489"/>
  <testcase classname="shopworkflow.ShopWorkFlowTest" name="continueShopping" time="1.293"/>
  <testcase classname="shopworkflow.ShopWorkFlowTest" name="selectCLoth3" time="6.319"/>
  <testcase classname="shopworkflow.ShopWorkFlowTest" name="shoppingCartSummary" time="4.747"/>
  <testcase classname="shopworkflow.ShopWorkFlowTest" name="Login" time="2.499"/>
  <testcase classname="shopworkflow.ShopWorkFlowTest" name="addressDetails" time="2.010"/>
  <testcase classname="shopworkflow.ShopWorkFlowTest" name="shipping" time="8.597"/>
  <testcase classname="shopworkflow.ShopWorkFlowTest" name="paymentMethods" time="4.467"/>
  <testcase classname="shopworkflow.ShopWorkFlowTest" name="orderSummary" time="0.034"/>
</testsuite> <!-- shopworkflow.ShopWorkFlowTest -->
