<?xml version="1.0" encoding="UTF-8"?>
<!-- Generated by org.testng.reporters.JUnitReportReporter -->
<testsuite hostname="DESKTOP-377NK29" failures="0" tests="1" name="shopworkflow.SelectClothes" time="19.404" errors="0" timestamp="2019-11-11T14:04:43 EAT" skipped="0">
  <testcase classname="shopworkflow.SelectClothes" name="selectWomenClothes" time="19.404"/>
</testsuite> <!-- shopworkflow.SelectClothes -->
