<?xml version="1.0" encoding="UTF-8"?>
<!-- Generated by org.testng.reporters.JUnitReportReporter -->
<testsuite hostname="DESKTOP-PJLCLMT" failures="0" tests="2" name="shopworkflow.SearchingTest" time="22.591" errors="0" timestamp="27 Nov 2019 18:42:36 GMT" skipped="0">
  <testcase classname="shopworkflow.SearchingTest" name="searchSuggestionResults" time="1.826"/>
  <testcase classname="shopworkflow.SearchingTest" name="clickSingleSearchResult" time="20.765"/>
</testsuite> <!-- shopworkflow.SearchingTest -->
