<?xml version="1.0" encoding="UTF-8"?>
<!-- Generated by org.testng.reporters.JUnitReportReporter -->
<testsuite hostname="DESKTOP-PJLCLMT" failures="0" tests="1" name="shopworkflow.SelectClothes" time="42.150" errors="0" timestamp="11 Nov 2019 19:46:06 GMT" skipped="0">
  <testcase classname="shopworkflow.SelectClothes" name="selectWomenClothes" time="42.150"/>
</testsuite> <!-- shopworkflow.SelectClothes -->
