<?xml version="1.0" encoding="UTF-8"?>
<!-- Generated by org.testng.reporters.JUnitReportReporter -->
<testsuite hostname="DESKTOP-377NK29" failures="0" tests="5" name="authentication.LoginTest" time="25.927" errors="0" timestamp="2019-11-11T13:48:29 EAT" skipped="0">
  <testcase classname="authentication.LoginTest" name="loginWithAllBlankFields" time="7.103"/>
  <testcase classname="authentication.LoginTest" name="loginWithBlankPassword" time="2.639"/>
  <testcase classname="authentication.LoginTest" name="loginWithWrongPasswordAndEmail" time="5.172"/>
  <testcase classname="authentication.LoginTest" name="loginWithInvalidEmailAddress" time="2.907"/>
  <testcase classname="authentication.LoginTest" name="loginWithValidCredentials" time="8.106"/>
</testsuite> <!-- authentication.LoginTest -->
