<?xml version="1.0" encoding="UTF-8"?>
<!-- Generated by org.testng.reporters.JUnitReportReporter -->
<testsuite hostname="DESKTOP-PJLCLMT" failures="0" tests="1" name="shopworkflow.SelectClothes" time="11.099" errors="0" timestamp="10 Nov 2019 18:43:57 GMT" skipped="0">
  <testcase classname="shopworkflow.SelectClothes" name="selectWomenClothes" time="11.099"/>
</testsuite> <!-- shopworkflow.SelectClothes -->
