<?xml version="1.0" encoding="UTF-8"?>
<!-- Generated by org.testng.reporters.JUnitReportReporter -->
<testsuite hostname="DESKTOP-PJLCLMT" failures="0" tests="1" name="authentication.LoginTest" time="17.654" errors="0" timestamp="08 Nov 2019 17:30:00 GMT" skipped="0">
  <testcase classname="authentication.LoginTest" name="loginWithValidCredentials" time="17.654"/>
</testsuite> <!-- authentication.LoginTest -->
