<?xml version="1.0" encoding="UTF-8"?>
<!-- Generated by org.testng.reporters.JUnitReportReporter -->
<testsuite hostname="DESKTOP-377NK29" failures="0" tests="4" name="authentication.LoginTest" time="17.497" errors="0" timestamp="2019-11-06T20:41:24 EAT" skipped="0">
  <testcase classname="authentication.LoginTest" name="login" time="3.601"/>
  <testcase classname="authentication.LoginTest" name="login" time="3.174"/>
  <testcase classname="authentication.LoginTest" name="login" time="7.526"/>
  <testcase classname="authentication.LoginTest" name="login" time="3.196"/>
</testsuite> <!-- authentication.LoginTest -->
