<?xml version="1.0" encoding="UTF-8"?>
<!-- Generated by org.testng.reporters.JUnitReportReporter -->
<testsuite hostname="DESKTOP-PJLCLMT" failures="0" tests="4" name="shopworkflow.SelectClothes" time="46.377" errors="0" timestamp="15 Nov 2019 19:57:14 GMT" skipped="0">
  <testcase classname="shopworkflow.SelectClothes" name="shopForFadedShortSleeveT_shirts" time="10.102"/>
  <testcase classname="shopworkflow.SelectClothes" name="shopForFadedShortSleeveT_shirts" time="17.270"/>
  <testcase classname="shopworkflow.SelectClothes" name="shopForFadedShortSleeveT_shirts" time="9.377"/>
  <testcase classname="shopworkflow.SelectClothes" name="shopForFadedShortSleeveT_shirts" time="9.628"/>
</testsuite> <!-- shopworkflow.SelectClothes -->
