<?xml version="1.0" encoding="UTF-8"?>
<!-- Generated by org.testng.reporters.JUnitReportReporter -->
<testsuite hostname="DESKTOP-8EROT7V" failures="0" tests="1" name="cartoperations.CartTest" time="0.011" errors="0" timestamp="2019-11-27T17:32:22 EAT" skipped="0">
  <testcase classname="cartoperations.CartTest" name="test1" time="0.011"/>
</testsuite> <!-- cartoperations.CartTest -->
