<?xml version="1.0" encoding="UTF-8"?>
<!-- Generated by org.testng.reporters.JUnitReportReporter -->
<testsuite hostname="DESKTOP-377NK29" failures="0" tests="1" name="authentication.LoginTest" time="11.672" errors="0" timestamp="2019-11-11T16:40:44 EAT" skipped="0">
  <testcase classname="authentication.LoginTest" name="loginWithValidCredentials" time="11.672"/>
</testsuite> <!-- authentication.LoginTest -->
