<?xml version="1.0" encoding="UTF-8"?>
<!-- Generated by org.testng.reporters.JUnitReportReporter -->
<testsuite hostname="DESKTOP-8EROT7V" failures="0" tests="9" name="shopworkflow.ShopWorkFlowTest" time="31.761" errors="0" timestamp="2019-11-21T21:38:30 EAT" skipped="0">
  <testcase classname="shopworkflow.ShopWorkFlowTest" name="gotoAllWomenClothes" time="3.458"/>
  <testcase classname="shopworkflow.ShopWorkFlowTest" name="selectCloth1" time="4.121"/>
  <testcase classname="shopworkflow.ShopWorkFlowTest" name="selectCLoth3" time="4.892"/>
  <testcase classname="shopworkflow.ShopWorkFlowTest" name="shoppingCartSummary" time="3.968"/>
  <testcase classname="shopworkflow.ShopWorkFlowTest" name="Login" time="1.907"/>
  <testcase classname="shopworkflow.ShopWorkFlowTest" name="addressDetails" time="1.669"/>
  <testcase classname="shopworkflow.ShopWorkFlowTest" name="shipping" time="8.208"/>
  <testcase classname="shopworkflow.ShopWorkFlowTest" name="paymentMethods" time="3.530"/>
  <testcase classname="shopworkflow.ShopWorkFlowTest" name="orderSummary" time="0.008"/>
</testsuite> <!-- shopworkflow.ShopWorkFlowTest -->
