<?xml version="1.0" encoding="UTF-8"?>
<!-- Generated by org.testng.reporters.JUnitReportReporter -->
<testsuite hostname="DESKTOP-377NK29" failures="0" tests="2" name="authentication.RegistrationTest" time="21.056" errors="0" timestamp="2019-11-11T13:48:29 EAT" skipped="0">
  <testcase classname="authentication.RegistrationTest" name="registerWithUiqueValidEmailAddess" time="9.194"/>
  <testcase classname="authentication.RegistrationTest" name="createAccountSuccessfullyWithAllRequiredValidData" time="11.862"/>
</testsuite> <!-- authentication.RegistrationTest -->
