<?xml version="1.0" encoding="UTF-8"?>
<!-- Generated by org.testng.reporters.JUnitReportReporter -->
<testsuite hostname="DESKTOP-377NK29" failures="0" tests="1" name="shopworkflow.AddingMultipleClothesToCartTest" time="48.695" errors="0" timestamp="2019-11-17T19:14:26 EAT" skipped="0">
  <testcase classname="shopworkflow.AddingMultipleClothesToCartTest" name="shoppingWorkflow" time="48.695"/>
</testsuite> <!-- shopworkflow.AddingMultipleClothesToCartTest -->
