<?xml version="1.0" encoding="UTF-8"?>
<!-- Generated by org.testng.reporters.JUnitReportReporter -->
<testsuite hostname="DESKTOP-PJLCLMT" failures="0" tests="1" name="shopworkflow.SelectClothes" time="45.634" errors="0" timestamp="15 Nov 2019 19:23:59 GMT" skipped="0">
  <testcase classname="shopworkflow.SelectClothes" name="selectWomenClothes" time="45.634"/>
</testsuite> <!-- shopworkflow.SelectClothes -->
