<?xml version="1.0" encoding="UTF-8"?>
<!-- Generated by org.testng.reporters.JUnitReportReporter -->
<testsuite hostname="DESKTOP-8EROT7V" failures="0" tests="5" name="authentication.LoginTest" time="5.118" errors="0" timestamp="2019-12-10T13:05:27 EAT" skipped="0">
  <testcase classname="authentication.LoginTest" name="loginWithAllBlankFields" time="0.009"/>
  <testcase classname="authentication.LoginTest" name="loginWithBlankPassword" time="0.001"/>
  <testcase classname="authentication.LoginTest" name="loginWithWrongPasswordAndEmail" time="0.000"/>
  <testcase classname="authentication.LoginTest" name="loginWithInvalidEmailAddress" time="0.001"/>
  <testcase classname="authentication.LoginTest" name="loginWithValidCredentials" time="5.107"/>
</testsuite> <!-- authentication.LoginTest -->
