<?xml version="1.0" encoding="UTF-8"?>
<!-- Generated by org.testng.reporters.JUnitReportReporter -->
<testsuite hostname="DESKTOP-PJLCLMT" failures="0" tests="2" name="authentication.RegistrationTest" time="29.695" errors="0" timestamp="10 Nov 2019 18:05:47 GMT" skipped="0">
  <testcase classname="authentication.RegistrationTest" name="registerWithUiqueValidEmailAddess" time="5.761"/>
  <testcase classname="authentication.RegistrationTest" name="createAccountSuccessfullyWithAllRequiredValidData" time="23.934"/>
</testsuite> <!-- authentication.RegistrationTest -->
