<?xml version="1.0" encoding="UTF-8"?>
<!-- Generated by org.testng.reporters.JUnitReportReporter -->
<testsuite hostname="DESKTOP-8EROT7V" failures="0" tests="6" name="shopworkflow.CartTest" time="0.020" errors="0" timestamp="2019-11-27T19:55:58 EAT" skipped="0">
  <testcase classname="shopworkflow.CartTest" name="test1" time="0.001"/>
  <testcase classname="shopworkflow.CartTest" name="checkCartProductPrice" time="0.009"/>
  <testcase classname="shopworkflow.CartTest" name="checkCartProductQty" time="0.003"/>
  <testcase classname="shopworkflow.CartTest" name="increaseQtyOfProduct1" time="0.001"/>
  <testcase classname="shopworkflow.CartTest" name="continueToShoppingSummary" time="0.002"/>
  <testcase classname="shopworkflow.CartTest" name="deleteCartProducts" time="0.004"/>
</testsuite> <!-- shopworkflow.CartTest -->
